


ARM Macro Assembler    Page 1 


    1 00000000         ; SysTickTestMain.s
    2 00000000         ; Runs on MSP432E401Y
    3 00000000         ; Copyright 2014 by Jonathan W. Valvano, valvano@mail.ut
                       exas.edu
    4 00000000         
    5 00000000                 AREA             |.text|, CODE, READONLY, ALIGN=
2
    6 00000000                 THUMB
    7 00000000                 EXPORT           Start
    8 00000000         
    9 00000000         ;Address of Port M Data Register 
   10 00000000 400633FC 
                       GPIO_PORTM_DATA_R
                               EQU              0x400633FC
   11 00000000 40063400 
                       GPIO_PORTM_DIR_R
                               EQU              0x40063400
   12 00000000 4006351C 
                       GPIO_PORTM_DEN_R
                               EQU              0x4006351C
   13 00000000         
   14 00000000 400643FC 
                       GPIO_PORTN_DATA_R
                               EQU              0x400643FC
   15 00000000 40064400 
                       GPIO_PORTN_DIR_R
                               EQU              0x40064400
   16 00000000 4006451C 
                       GPIO_PORTN_DEN_R
                               EQU              0x4006451C
   17 00000000         
   18 00000000 4005D3FC 
                       GPIO_PORTF_DATA_R
                               EQU              0x4005D3FC
   19 00000000 4005D400 
                       GPIO_PORTF_DIR_R
                               EQU              0x4005D400
   20 00000000 4005D51C 
                       GPIO_PORTF_DEN_R
                               EQU              0x4005D51C
   21 00000000         
   22 00000000 00000004 
                       counter EQU              0x4
   23 00000000 00000000 
                       st8     EQU              0x0
   24 00000000         
   25 00000000         ;Addresses of RCGCGPIO_R Register 
   26 00000000 400FE608 
                       SYSCTL_RCGCGPIO_R
                               EQU              0x400FE608
   27 00000000         
   28 00000000         ;Function Defintions
   29 00000000         PortM_Init
   30 00000000 4938            LDR              R1, =SYSCTL_RCGCGPIO_R
   31 00000002 6808            LDR              R0, [R1]
   32 00000004 F440 6000       ORR              R0, R0, #0x800
   33 00000008 6008            STR              R0, [R1]
   34 0000000A BF00            NOP                          ;allow time for clo
                                                            ck to stabilize 



ARM Macro Assembler    Page 2 


   35 0000000C BF00            NOP
   36 0000000E 4936            LDR              R1, =GPIO_PORTM_DIR_R ;set dire
                                                            ction register
   37 00000010 6808            LDR              R0, [R1]
   38 00000012 F040 00C0       ORR              R0, R0, #0xC0
   39 00000016 6008            STR              R0, [R1]
   40 00000018 4934            LDR              R1, =GPIO_PORTM_DEN_R ;set digi
                                                            tal enable register
                                                            
   41 0000001A 6808            LDR              R0, [R1]
   42 0000001C F040 00FF       ORR              R0, R0, #0xFF
   43 00000020 6008            STR              R0, [R1]
   44 00000022 4770            BX               LR
   45 00000024         
   46 00000024         PortF_Init
   47 00000024 492F            LDR              R1, =SYSCTL_RCGCGPIO_R
   48 00000026 6808            LDR              R0, [R1]
   49 00000028 F040 0020       ORR              R0, R0, #0x20
   50 0000002C 6008            STR              R0, [R1]
   51 0000002E BF00            NOP                          ;allow time for clo
                                                            ck to stabilize 
   52 00000030 BF00            NOP
   53 00000032 492F            LDR              R1, =GPIO_PORTF_DIR_R ;set dire
                                                            ction register
   54 00000034 6808            LDR              R0, [R1]
   55 00000036 F040 00FF       ORR              R0, R0, #0xFF
   56 0000003A 6008            STR              R0, [R1]
   57 0000003C 492D            LDR              R1, =GPIO_PORTF_DEN_R ;set digi
                                                            tal enable register
                                                            
   58 0000003E 6808            LDR              R0, [R1]
   59 00000040 F040 00FF       ORR              R0, R0, #0xFF
   60 00000044 6008            STR              R0, [R1]
   61 00000046 4770            BX               LR
   62 00000048         
   63 00000048         PortN_Init
   64 00000048 4926            LDR              R1, =SYSCTL_RCGCGPIO_R
   65 0000004A 6808            LDR              R0, [R1]
   66 0000004C F440 5080       ORR              R0, R0, #0x1000
   67 00000050 6008            STR              R0, [R1]
   68 00000052 BF00            NOP                          ;allow time for clo
                                                            ck to stabilize 
   69 00000054 BF00            NOP
   70 00000056 4928            LDR              R1, =GPIO_PORTN_DIR_R ;set dire
                                                            ction register
   71 00000058 6808            LDR              R0, [R1]
   72 0000005A F040 00FF       ORR              R0, R0, #0xFF
   73 0000005E 6008            STR              R0, [R1]
   74 00000060 4926            LDR              R1, =GPIO_PORTN_DEN_R ;set digi
                                                            tal enable register
                                                            
   75 00000062 6808            LDR              R0, [R1]
   76 00000064 F040 00FF       ORR              R0, R0, #0xFF
   77 00000068 6008            STR              R0, [R1]
   78 0000006A 4770            BX               LR
   79 0000006C         
   80 0000006C         Start
   81 0000006C F7FF FFC8       BL               PortM_Init
   82 00000070 F7FF FFD8       BL               PortF_Init



ARM Macro Assembler    Page 3 


   83 00000074 F7FF FFE8       BL               PortN_Init
   84 00000078 F04F 0100       LDR              R1, =0x0
   85 0000007C F8DF 8080       LDR              R8, =GPIO_PORTN_DATA_R
   86 00000080 F8D8 9000       LDR              R9, [R8]
   87 00000084 4C1F    loop3   LDR              R4, =GPIO_PORTM_DATA_R
   88 00000086 6825            LDR              R5, [R4]
   89 00000088 F005 0500       AND              R5, R5, #0x0
   90 0000008C F045 0580       ORR              R5, R5, #0x80
   91 00000090 6025            STR              R5, [R4]
   92 00000092 F04F 0204 
                       loop4   LDR              R2, =counter
   93 00000096 F001 0100       AND              R1, R1, #0x0
   94 0000009A F009 0900       AND              R9, R9, #0x0
   95 0000009E F8C8 9000       STR              R9, [R8]
   96 000000A2 4C18    loop    LDR              R4, =GPIO_PORTM_DATA_R
   97 000000A4 6825            LDR              R5, [R4]
   98 000000A6 F005 0610       AND              R6, R5, #0x10
   99 000000AA 2E00            CMP              R6, #0x0
  100 000000AC D1F9            BNE              loop
  101 000000AE 4C15    loop2   LDR              R4, =GPIO_PORTM_DATA_R
  102 000000B0 6825            LDR              R5, [R4]
  103 000000B2 F005 0610       AND              R6, R5, #0x10
  104 000000B6 2E10            CMP              R6, #0x10
  105 000000B8 D1F9            BNE              loop2
  106 000000BA         ;LEFT SHIFT SHIT INTO R1
  107 000000BA F109 0901       ADD              R9, R9, #0x1
  108 000000BE F8C8 9000       STR              R9, [R8]
  109 000000C2 EA4F 0141       LSL              R1, R1, #1
  110 000000C6 F005 0701       AND              R7, R5, #0x1
  111 000000CA 4439            ADD              R1, R1, R7
  112 000000CC 1E52            SUBS             R2, R2, #1
  113 000000CE D8E8            BHI              loop
  114 000000D0         ;CHECK IF EQUAL TO CODE
  115 000000D0 290C            CMP              R1, #0xC
  116 000000D2 D1D7            BNE              loop3
  117 000000D4 F001 0100       AND              R1, R1, #0x0 ;Reset R1
  118 000000D8 F005 0500       AND              R5, R5, #0x0
  119 000000DC F045 0540       ORR              R5, R5, #0x40
  120 000000E0 6025            STR              R5, [R4]
  121 000000E2 E7D6            B                loop4
  122 000000E4                 ALIGN                        ; make sure the end
                                                             of this section is
                                                             aligned
  123 000000E4                 END
              400FE608 
              40063400 
              4006351C 
              4005D400 
              4005D51C 
              40064400 
              4006451C 
              400643FC 
              400633FC 
Command Line: --debug --xref --diag_suppress=9931 --cpu=Cortex-M4.fp.sp --apcs=
interwork --depend=.\objects\milestone1.d -o.\objects\milestone1.o -I.\RTE\_Tar
get_1 -IC:\Users\aaron\AppData\Local\Arm\Packs\ARM\CMSIS\5.6.0\CMSIS\Core\Inclu
de -IC:\Users\aaron\AppData\Local\Arm\Packs\TexasInstruments\MSP432E4_DFP\3.2.6
\Device\Include --predefine="__EVAL SETA 1" --predefine="__UVISION_VERSION SETA
 529" --predefine="_RTE_ SETA 1" --predefine="__MSP432E401Y__ SETA 1" --list=.\



ARM Macro Assembler    Page 4 


listings\milestone1.lst milestone1.s



ARM Macro Assembler    Page 1 Alphabetic symbol ordering
Relocatable symbols

.text 00000000

Symbol: .text
   Definitions
      At line 5 in file milestone1.s
   Uses
      None
Comment: .text unused
PortF_Init 00000024

Symbol: PortF_Init
   Definitions
      At line 46 in file milestone1.s
   Uses
      At line 82 in file milestone1.s
Comment: PortF_Init used once
PortM_Init 00000000

Symbol: PortM_Init
   Definitions
      At line 29 in file milestone1.s
   Uses
      At line 81 in file milestone1.s
Comment: PortM_Init used once
PortN_Init 00000048

Symbol: PortN_Init
   Definitions
      At line 63 in file milestone1.s
   Uses
      At line 83 in file milestone1.s
Comment: PortN_Init used once
Start 0000006C

Symbol: Start
   Definitions
      At line 80 in file milestone1.s
   Uses
      At line 7 in file milestone1.s
Comment: Start used once
loop 000000A2

Symbol: loop
   Definitions
      At line 96 in file milestone1.s
   Uses
      At line 100 in file milestone1.s
      At line 113 in file milestone1.s

loop2 000000AE

Symbol: loop2
   Definitions
      At line 101 in file milestone1.s
   Uses
      At line 105 in file milestone1.s
Comment: loop2 used once
loop3 00000084




ARM Macro Assembler    Page 2 Alphabetic symbol ordering
Relocatable symbols

Symbol: loop3
   Definitions
      At line 87 in file milestone1.s
   Uses
      At line 116 in file milestone1.s
Comment: loop3 used once
loop4 00000092

Symbol: loop4
   Definitions
      At line 92 in file milestone1.s
   Uses
      At line 121 in file milestone1.s
Comment: loop4 used once
9 symbols



ARM Macro Assembler    Page 1 Alphabetic symbol ordering
Absolute symbols

GPIO_PORTF_DATA_R 4005D3FC

Symbol: GPIO_PORTF_DATA_R
   Definitions
      At line 18 in file milestone1.s
   Uses
      None
Comment: GPIO_PORTF_DATA_R unused
GPIO_PORTF_DEN_R 4005D51C

Symbol: GPIO_PORTF_DEN_R
   Definitions
      At line 20 in file milestone1.s
   Uses
      At line 57 in file milestone1.s
Comment: GPIO_PORTF_DEN_R used once
GPIO_PORTF_DIR_R 4005D400

Symbol: GPIO_PORTF_DIR_R
   Definitions
      At line 19 in file milestone1.s
   Uses
      At line 53 in file milestone1.s
Comment: GPIO_PORTF_DIR_R used once
GPIO_PORTM_DATA_R 400633FC

Symbol: GPIO_PORTM_DATA_R
   Definitions
      At line 10 in file milestone1.s
   Uses
      At line 87 in file milestone1.s
      At line 96 in file milestone1.s
      At line 101 in file milestone1.s

GPIO_PORTM_DEN_R 4006351C

Symbol: GPIO_PORTM_DEN_R
   Definitions
      At line 12 in file milestone1.s
   Uses
      At line 40 in file milestone1.s
Comment: GPIO_PORTM_DEN_R used once
GPIO_PORTM_DIR_R 40063400

Symbol: GPIO_PORTM_DIR_R
   Definitions
      At line 11 in file milestone1.s
   Uses
      At line 36 in file milestone1.s
Comment: GPIO_PORTM_DIR_R used once
GPIO_PORTN_DATA_R 400643FC

Symbol: GPIO_PORTN_DATA_R
   Definitions
      At line 14 in file milestone1.s
   Uses
      At line 85 in file milestone1.s
Comment: GPIO_PORTN_DATA_R used once
GPIO_PORTN_DEN_R 4006451C



ARM Macro Assembler    Page 2 Alphabetic symbol ordering
Absolute symbols


Symbol: GPIO_PORTN_DEN_R
   Definitions
      At line 16 in file milestone1.s
   Uses
      At line 74 in file milestone1.s
Comment: GPIO_PORTN_DEN_R used once
GPIO_PORTN_DIR_R 40064400

Symbol: GPIO_PORTN_DIR_R
   Definitions
      At line 15 in file milestone1.s
   Uses
      At line 70 in file milestone1.s
Comment: GPIO_PORTN_DIR_R used once
SYSCTL_RCGCGPIO_R 400FE608

Symbol: SYSCTL_RCGCGPIO_R
   Definitions
      At line 26 in file milestone1.s
   Uses
      At line 30 in file milestone1.s
      At line 47 in file milestone1.s
      At line 64 in file milestone1.s

counter 00000004

Symbol: counter
   Definitions
      At line 22 in file milestone1.s
   Uses
      At line 92 in file milestone1.s
Comment: counter used once
st8 00000000

Symbol: st8
   Definitions
      At line 23 in file milestone1.s
   Uses
      None
Comment: st8 unused
12 symbols
358 symbols in table
